2024-09-24T07:58:04.480+08:00  INFO 42580 --- [garang-guni-backend] [main] s.e.n.g.c.ContactControllerTest          : Starting ContactControllerTest using Java 17.0.11 with PID 42580 (started by yong4 in C:\Users\yong4\Desktop\NTU\gitfolder\project2\garang-guni-backend)
2024-09-24T07:58:04.487+08:00  INFO 42580 --- [garang-guni-backend] [main] s.e.n.g.c.ContactControllerTest          : The following 1 profile is active: "dev"
2024-09-24T07:58:05.461+08:00  INFO 42580 --- [garang-guni-backend] [main] .s.d.r.c.RepositoryConfigurationDelegate : Bootstrapping Spring Data JPA repositories in DEFAULT mode.
2024-09-24T07:58:05.552+08:00  INFO 42580 --- [garang-guni-backend] [main] .s.d.r.c.RepositoryConfigurationDelegate : Finished Spring Data repository scanning in 74 ms. Found 1 JPA repository interface.
2024-09-24T07:58:06.303+08:00  INFO 42580 --- [garang-guni-backend] [main] o.hibernate.jpa.internal.util.LogHelper  : HHH000204: Processing PersistenceUnitInfo [name: default]
2024-09-24T07:58:06.450+08:00  INFO 42580 --- [garang-guni-backend] [main] org.hibernate.Version                    : HHH000412: Hibernate ORM core version 6.5.2.Final
2024-09-24T07:58:06.540+08:00  INFO 42580 --- [garang-guni-backend] [main] o.h.c.internal.RegionFactoryInitiator    : HHH000026: Second-level cache disabled
2024-09-24T07:58:07.144+08:00  INFO 42580 --- [garang-guni-backend] [main] o.s.o.j.p.SpringPersistenceUnitInfo      : No LoadTimeWeaver setup: ignoring JPA class transformer
2024-09-24T07:58:07.184+08:00  INFO 42580 --- [garang-guni-backend] [main] com.zaxxer.hikari.HikariDataSource       : HikariPool-1 - Starting...
2024-09-24T07:58:07.661+08:00  INFO 42580 --- [garang-guni-backend] [main] com.zaxxer.hikari.pool.HikariPool        : HikariPool-1 - Added connection org.postgresql.jdbc.PgConnection@5a48d186
2024-09-24T07:58:07.662+08:00  INFO 42580 --- [garang-guni-backend] [main] com.zaxxer.hikari.HikariDataSource       : HikariPool-1 - Start completed.
2024-09-24T07:58:07.744+08:00  WARN 42580 --- [garang-guni-backend] [main] org.hibernate.orm.deprecation            : HHH90000025: PostgreSQLDialect does not need to be specified explicitly using 'hibernate.dialect' (remove the property setting and it will be selected by default)
2024-09-24T07:58:09.228+08:00  INFO 42580 --- [garang-guni-backend] [main] o.h.e.t.j.p.i.JtaPlatformInitiator       : HHH000489: No JTA platform available (set 'hibernate.transaction.jta.platform' to enable JTA platform integration)
2024-09-24T07:58:09.337+08:00  INFO 42580 --- [garang-guni-backend] [main] j.LocalContainerEntityManagerFactoryBean : Initialized JPA EntityManagerFactory for persistence unit 'default'
2024-09-24T07:58:10.097+08:00  WARN 42580 --- [garang-guni-backend] [main] JpaBaseConfiguration$JpaWebConfiguration : spring.jpa.open-in-view is enabled by default. Therefore, database queries may be performed during view rendering. Explicitly configure spring.jpa.open-in-view to disable this warning
2024-09-24T07:58:10.767+08:00  INFO 42580 --- [garang-guni-backend] [main] o.s.b.t.m.w.SpringBootMockServletContext : Initializing Spring TestDispatcherServlet ''
2024-09-24T07:58:10.768+08:00  INFO 42580 --- [garang-guni-backend] [main] o.s.t.web.servlet.TestDispatcherServlet  : Initializing Servlet ''
2024-09-24T07:58:10.770+08:00  INFO 42580 --- [garang-guni-backend] [main] o.s.t.web.servlet.TestDispatcherServlet  : Completed initialization in 2 ms
2024-09-24T07:58:10.809+08:00  INFO 42580 --- [garang-guni-backend] [main] s.e.n.g.c.ContactControllerTest          : Started ContactControllerTest in 6.817 seconds (process running for 8.174)
2024-09-24T07:58:11.526+08:00  INFO 42580 --- [garang-guni-backend] [main] .e.n.g.s.i.ContactServiceWithLoggingImpl : Creating contact with details: sg.edu.ntu.garang_guni_backend.entities.Contact@167ccc3c
2024-09-24T07:58:11.591+08:00  INFO 42580 --- [garang-guni-backend] [SpringApplicationShutdownHook] j.LocalContainerEntityManagerFactoryBean : Closing JPA EntityManagerFactory for persistence unit 'default'
2024-09-24T07:58:11.595+08:00  INFO 42580 --- [garang-guni-backend] [SpringApplicationShutdownHook] com.zaxxer.hikari.HikariDataSource       : HikariPool-1 - Shutdown initiated...
2024-09-24T07:58:11.614+08:00  INFO 42580 --- [garang-guni-backend] [SpringApplicationShutdownHook] com.zaxxer.hikari.HikariDataSource       : HikariPool-1 - Shutdown completed.
2024-09-24T07:59:19.631+08:00  INFO 248 --- [garang-guni-backend] [restartedMain] s.e.n.g.GarangGuniBackendApplication     : Starting GarangGuniBackendApplication using Java 22.0.1 with PID 248 (C:\Users\yong4\Desktop\NTU\gitfolder\project2\garang-guni-backend\target\classes started by yong4 in C:\Users\yong4\Desktop\NTU\gitfolder\project2\garang-guni-backend)
2024-09-24T07:59:19.633+08:00  INFO 248 --- [garang-guni-backend] [restartedMain] s.e.n.g.GarangGuniBackendApplication     : The following 1 profile is active: "dev"
2024-09-24T07:59:19.666+08:00  INFO 248 --- [garang-guni-backend] [restartedMain] .e.DevToolsPropertyDefaultsPostProcessor : Devtools property defaults active! Set 'spring.devtools.add-properties' to 'false' to disable
2024-09-24T07:59:19.667+08:00  INFO 248 --- [garang-guni-backend] [restartedMain] .e.DevToolsPropertyDefaultsPostProcessor : For additional web related logging consider setting the 'logging.level.web' property to 'DEBUG'
2024-09-24T07:59:20.061+08:00  INFO 248 --- [garang-guni-backend] [restartedMain] .s.d.r.c.RepositoryConfigurationDelegate : Bootstrapping Spring Data JPA repositories in DEFAULT mode.
2024-09-24T07:59:20.108+08:00  INFO 248 --- [garang-guni-backend] [restartedMain] .s.d.r.c.RepositoryConfigurationDelegate : Finished Spring Data repository scanning in 41 ms. Found 1 JPA repository interface.
2024-09-24T07:59:20.501+08:00  INFO 248 --- [garang-guni-backend] [restartedMain] o.s.b.w.embedded.tomcat.TomcatWebServer  : Tomcat initialized with port 8080 (http)
2024-09-24T07:59:20.516+08:00  INFO 248 --- [garang-guni-backend] [restartedMain] o.apache.catalina.core.StandardService   : Starting service [Tomcat]
2024-09-24T07:59:20.517+08:00  INFO 248 --- [garang-guni-backend] [restartedMain] o.apache.catalina.core.StandardEngine    : Starting Servlet engine: [Apache Tomcat/10.1.28]
2024-09-24T07:59:20.571+08:00  INFO 248 --- [garang-guni-backend] [restartedMain] o.a.c.c.C.[Tomcat].[localhost].[/]       : Initializing Spring embedded WebApplicationContext
2024-09-24T07:59:20.572+08:00  INFO 248 --- [garang-guni-backend] [restartedMain] w.s.c.ServletWebServerApplicationContext : Root WebApplicationContext: initialization completed in 905 ms
2024-09-24T07:59:20.689+08:00  INFO 248 --- [garang-guni-backend] [restartedMain] o.hibernate.jpa.internal.util.LogHelper  : HHH000204: Processing PersistenceUnitInfo [name: default]
2024-09-24T07:59:20.732+08:00  INFO 248 --- [garang-guni-backend] [restartedMain] org.hibernate.Version                    : HHH000412: Hibernate ORM core version 6.5.2.Final
2024-09-24T07:59:20.765+08:00  INFO 248 --- [garang-guni-backend] [restartedMain] o.h.c.internal.RegionFactoryInitiator    : HHH000026: Second-level cache disabled
2024-09-24T07:59:20.985+08:00  INFO 248 --- [garang-guni-backend] [restartedMain] o.s.o.j.p.SpringPersistenceUnitInfo      : No LoadTimeWeaver setup: ignoring JPA class transformer
2024-09-24T07:59:21.005+08:00  INFO 248 --- [garang-guni-backend] [restartedMain] com.zaxxer.hikari.HikariDataSource       : HikariPool-1 - Starting...
2024-09-24T07:59:21.292+08:00  INFO 248 --- [garang-guni-backend] [restartedMain] com.zaxxer.hikari.pool.HikariPool        : HikariPool-1 - Added connection org.postgresql.jdbc.PgConnection@3659af5f
2024-09-24T07:59:21.294+08:00  INFO 248 --- [garang-guni-backend] [restartedMain] com.zaxxer.hikari.HikariDataSource       : HikariPool-1 - Start completed.
2024-09-24T07:59:21.320+08:00  WARN 248 --- [garang-guni-backend] [restartedMain] org.hibernate.orm.deprecation            : HHH90000025: PostgreSQLDialect does not need to be specified explicitly using 'hibernate.dialect' (remove the property setting and it will be selected by default)
2024-09-24T07:59:21.899+08:00  INFO 248 --- [garang-guni-backend] [restartedMain] o.h.e.t.j.p.i.JtaPlatformInitiator       : HHH000489: No JTA platform available (set 'hibernate.transaction.jta.platform' to enable JTA platform integration)
2024-09-24T07:59:21.943+08:00  INFO 248 --- [garang-guni-backend] [restartedMain] j.LocalContainerEntityManagerFactoryBean : Initialized JPA EntityManagerFactory for persistence unit 'default'
2024-09-24T07:59:22.143+08:00  WARN 248 --- [garang-guni-backend] [restartedMain] JpaBaseConfiguration$JpaWebConfiguration : spring.jpa.open-in-view is enabled by default. Therefore, database queries may be performed during view rendering. Explicitly configure spring.jpa.open-in-view to disable this warning
2024-09-24T07:59:22.354+08:00  INFO 248 --- [garang-guni-backend] [restartedMain] o.s.b.d.a.OptionalLiveReloadServer       : LiveReload server is running on port 35729
2024-09-24T07:59:22.381+08:00  INFO 248 --- [garang-guni-backend] [restartedMain] o.s.b.w.embedded.tomcat.TomcatWebServer  : Tomcat started on port 8080 (http) with context path '/'
2024-09-24T07:59:22.389+08:00  INFO 248 --- [garang-guni-backend] [restartedMain] s.e.n.g.GarangGuniBackendApplication     : Started GarangGuniBackendApplication in 3.117 seconds (process running for 3.432)
2024-09-24T08:06:09.528+08:00  INFO 32848 --- [garang-guni-backend] [main] s.e.n.g.c.ContactControllerTest          : Starting ContactControllerTest using Java 17.0.11 with PID 32848 (started by yong4 in C:\Users\yong4\Desktop\NTU\gitfolder\project2\garang-guni-backend)
2024-09-24T08:06:09.529+08:00  INFO 32848 --- [garang-guni-backend] [main] s.e.n.g.c.ContactControllerTest          : The following 1 profile is active: "dev"
2024-09-24T08:06:10.309+08:00  INFO 32848 --- [garang-guni-backend] [main] .s.d.r.c.RepositoryConfigurationDelegate : Bootstrapping Spring Data JPA repositories in DEFAULT mode.
2024-09-24T08:06:10.397+08:00  INFO 32848 --- [garang-guni-backend] [main] .s.d.r.c.RepositoryConfigurationDelegate : Finished Spring Data repository scanning in 72 ms. Found 1 JPA repository interface.
2024-09-24T08:06:11.105+08:00  INFO 32848 --- [garang-guni-backend] [main] o.hibernate.jpa.internal.util.LogHelper  : HHH000204: Processing PersistenceUnitInfo [name: default]
2024-09-24T08:06:11.239+08:00  INFO 32848 --- [garang-guni-backend] [main] org.hibernate.Version                    : HHH000412: Hibernate ORM core version 6.5.2.Final
2024-09-24T08:06:11.329+08:00  INFO 32848 --- [garang-guni-backend] [main] o.h.c.internal.RegionFactoryInitiator    : HHH000026: Second-level cache disabled
2024-09-24T08:06:11.921+08:00  INFO 32848 --- [garang-guni-backend] [main] o.s.o.j.p.SpringPersistenceUnitInfo      : No LoadTimeWeaver setup: ignoring JPA class transformer
2024-09-24T08:06:11.995+08:00  INFO 32848 --- [garang-guni-backend] [main] com.zaxxer.hikari.HikariDataSource       : HikariPool-1 - Starting...
2024-09-24T08:06:12.485+08:00  INFO 32848 --- [garang-guni-backend] [main] com.zaxxer.hikari.pool.HikariPool        : HikariPool-1 - Added connection org.postgresql.jdbc.PgConnection@5a0f87e5
2024-09-24T08:06:12.487+08:00  INFO 32848 --- [garang-guni-backend] [main] com.zaxxer.hikari.HikariDataSource       : HikariPool-1 - Start completed.
2024-09-24T08:06:12.526+08:00  WARN 32848 --- [garang-guni-backend] [main] org.hibernate.orm.deprecation            : HHH90000025: PostgreSQLDialect does not need to be specified explicitly using 'hibernate.dialect' (remove the property setting and it will be selected by default)
2024-09-24T08:06:13.606+08:00  INFO 32848 --- [garang-guni-backend] [main] o.h.e.t.j.p.i.JtaPlatformInitiator       : HHH000489: No JTA platform available (set 'hibernate.transaction.jta.platform' to enable JTA platform integration)
2024-09-24T08:06:13.648+08:00  INFO 32848 --- [garang-guni-backend] [main] j.LocalContainerEntityManagerFactoryBean : Initialized JPA EntityManagerFactory for persistence unit 'default'
2024-09-24T08:06:14.431+08:00  WARN 32848 --- [garang-guni-backend] [main] JpaBaseConfiguration$JpaWebConfiguration : spring.jpa.open-in-view is enabled by default. Therefore, database queries may be performed during view rendering. Explicitly configure spring.jpa.open-in-view to disable this warning
2024-09-24T08:06:15.419+08:00  INFO 32848 --- [garang-guni-backend] [main] o.s.b.t.m.w.SpringBootMockServletContext : Initializing Spring TestDispatcherServlet ''
2024-09-24T08:06:15.421+08:00  INFO 32848 --- [garang-guni-backend] [main] o.s.t.web.servlet.TestDispatcherServlet  : Initializing Servlet ''
2024-09-24T08:06:15.425+08:00  INFO 32848 --- [garang-guni-backend] [main] o.s.t.web.servlet.TestDispatcherServlet  : Completed initialization in 4 ms
2024-09-24T08:06:15.476+08:00  INFO 32848 --- [garang-guni-backend] [main] s.e.n.g.c.ContactControllerTest          : Started ContactControllerTest in 6.282 seconds (process running for 7.289)
2024-09-24T08:06:16.309+08:00  INFO 32848 --- [garang-guni-backend] [main] .e.n.g.s.i.ContactServiceWithLoggingImpl : Creating contact with details: sg.edu.ntu.garang_guni_backend.entities.Contact@21f27bb5
2024-09-24T08:06:16.385+08:00  INFO 32848 --- [garang-guni-backend] [SpringApplicationShutdownHook] j.LocalContainerEntityManagerFactoryBean : Closing JPA EntityManagerFactory for persistence unit 'default'
2024-09-24T08:06:16.389+08:00  INFO 32848 --- [garang-guni-backend] [SpringApplicationShutdownHook] com.zaxxer.hikari.HikariDataSource       : HikariPool-1 - Shutdown initiated...
2024-09-24T08:06:16.409+08:00  INFO 32848 --- [garang-guni-backend] [SpringApplicationShutdownHook] com.zaxxer.hikari.HikariDataSource       : HikariPool-1 - Shutdown completed.
2024-09-24T08:06:48.195+08:00  INFO 47080 --- [garang-guni-backend] [main] s.e.n.g.c.ContactControllerTest          : Starting ContactControllerTest using Java 17.0.11 with PID 47080 (started by yong4 in C:\Users\yong4\Desktop\NTU\gitfolder\project2\garang-guni-backend)
2024-09-24T08:06:48.197+08:00  INFO 47080 --- [garang-guni-backend] [main] s.e.n.g.c.ContactControllerTest          : The following 1 profile is active: "dev"
2024-09-24T08:06:48.961+08:00  INFO 47080 --- [garang-guni-backend] [main] .s.d.r.c.RepositoryConfigurationDelegate : Bootstrapping Spring Data JPA repositories in DEFAULT mode.
2024-09-24T08:06:49.049+08:00  INFO 47080 --- [garang-guni-backend] [main] .s.d.r.c.RepositoryConfigurationDelegate : Finished Spring Data repository scanning in 73 ms. Found 1 JPA repository interface.
2024-09-24T08:06:49.730+08:00  INFO 47080 --- [garang-guni-backend] [main] o.hibernate.jpa.internal.util.LogHelper  : HHH000204: Processing PersistenceUnitInfo [name: default]
2024-09-24T08:06:49.870+08:00  INFO 47080 --- [garang-guni-backend] [main] org.hibernate.Version                    : HHH000412: Hibernate ORM core version 6.5.2.Final
2024-09-24T08:06:49.976+08:00  INFO 47080 --- [garang-guni-backend] [main] o.h.c.internal.RegionFactoryInitiator    : HHH000026: Second-level cache disabled
2024-09-24T08:06:50.601+08:00  INFO 47080 --- [garang-guni-backend] [main] o.s.o.j.p.SpringPersistenceUnitInfo      : No LoadTimeWeaver setup: ignoring JPA class transformer
2024-09-24T08:06:50.634+08:00  INFO 47080 --- [garang-guni-backend] [main] com.zaxxer.hikari.HikariDataSource       : HikariPool-1 - Starting...
2024-09-24T08:06:50.928+08:00  INFO 47080 --- [garang-guni-backend] [main] com.zaxxer.hikari.pool.HikariPool        : HikariPool-1 - Added connection org.postgresql.jdbc.PgConnection@51132514
2024-09-24T08:06:50.930+08:00  INFO 47080 --- [garang-guni-backend] [main] com.zaxxer.hikari.HikariDataSource       : HikariPool-1 - Start completed.
2024-09-24T08:06:50.960+08:00  WARN 47080 --- [garang-guni-backend] [main] org.hibernate.orm.deprecation            : HHH90000025: PostgreSQLDialect does not need to be specified explicitly using 'hibernate.dialect' (remove the property setting and it will be selected by default)
2024-09-24T08:06:52.136+08:00  INFO 47080 --- [garang-guni-backend] [main] o.h.e.t.j.p.i.JtaPlatformInitiator       : HHH000489: No JTA platform available (set 'hibernate.transaction.jta.platform' to enable JTA platform integration)
2024-09-24T08:06:52.193+08:00  INFO 47080 --- [garang-guni-backend] [main] j.LocalContainerEntityManagerFactoryBean : Initialized JPA EntityManagerFactory for persistence unit 'default'
2024-09-24T08:06:52.938+08:00  WARN 47080 --- [garang-guni-backend] [main] JpaBaseConfiguration$JpaWebConfiguration : spring.jpa.open-in-view is enabled by default. Therefore, database queries may be performed during view rendering. Explicitly configure spring.jpa.open-in-view to disable this warning
2024-09-24T08:06:53.963+08:00  INFO 47080 --- [garang-guni-backend] [main] o.s.b.t.m.w.SpringBootMockServletContext : Initializing Spring TestDispatcherServlet ''
2024-09-24T08:06:53.964+08:00  INFO 47080 --- [garang-guni-backend] [main] o.s.t.web.servlet.TestDispatcherServlet  : Initializing Servlet ''
2024-09-24T08:06:53.968+08:00  INFO 47080 --- [garang-guni-backend] [main] o.s.t.web.servlet.TestDispatcherServlet  : Completed initialization in 3 ms
2024-09-24T08:06:54.014+08:00  INFO 47080 --- [garang-guni-backend] [main] s.e.n.g.c.ContactControllerTest          : Started ContactControllerTest in 6.147 seconds (process running for 7.029)
2024-09-24T08:06:54.843+08:00  INFO 47080 --- [garang-guni-backend] [main] .e.n.g.s.i.ContactServiceWithLoggingImpl : Creating contact with details: sg.edu.ntu.garang_guni_backend.entities.Contact@60cbba57
2024-09-24T08:06:54.908+08:00  INFO 47080 --- [garang-guni-backend] [SpringApplicationShutdownHook] j.LocalContainerEntityManagerFactoryBean : Closing JPA EntityManagerFactory for persistence unit 'default'
2024-09-24T08:06:54.912+08:00  INFO 47080 --- [garang-guni-backend] [SpringApplicationShutdownHook] com.zaxxer.hikari.HikariDataSource       : HikariPool-1 - Shutdown initiated...
2024-09-24T08:06:54.930+08:00  INFO 47080 --- [garang-guni-backend] [SpringApplicationShutdownHook] com.zaxxer.hikari.HikariDataSource       : HikariPool-1 - Shutdown completed.
2024-09-24T08:07:14.617+08:00  INFO 24728 --- [garang-guni-backend] [main] s.e.n.g.c.ContactControllerTest          : Starting ContactControllerTest using Java 17.0.11 with PID 24728 (started by yong4 in C:\Users\yong4\Desktop\NTU\gitfolder\project2\garang-guni-backend)
2024-09-24T08:07:14.619+08:00  INFO 24728 --- [garang-guni-backend] [main] s.e.n.g.c.ContactControllerTest          : The following 1 profile is active: "dev"
2024-09-24T08:07:15.904+08:00  INFO 24728 --- [garang-guni-backend] [main] .s.d.r.c.RepositoryConfigurationDelegate : Bootstrapping Spring Data JPA repositories in DEFAULT mode.
2024-09-24T08:07:16.007+08:00  INFO 24728 --- [garang-guni-backend] [main] .s.d.r.c.RepositoryConfigurationDelegate : Finished Spring Data repository scanning in 88 ms. Found 1 JPA repository interface.
2024-09-24T08:07:16.947+08:00  INFO 24728 --- [garang-guni-backend] [main] o.hibernate.jpa.internal.util.LogHelper  : HHH000204: Processing PersistenceUnitInfo [name: default]
2024-09-24T08:07:17.242+08:00  INFO 24728 --- [garang-guni-backend] [main] org.hibernate.Version                    : HHH000412: Hibernate ORM core version 6.5.2.Final
2024-09-24T08:07:17.401+08:00  INFO 24728 --- [garang-guni-backend] [main] o.h.c.internal.RegionFactoryInitiator    : HHH000026: Second-level cache disabled
2024-09-24T08:07:18.451+08:00  INFO 24728 --- [garang-guni-backend] [main] o.s.o.j.p.SpringPersistenceUnitInfo      : No LoadTimeWeaver setup: ignoring JPA class transformer
2024-09-24T08:07:18.501+08:00  INFO 24728 --- [garang-guni-backend] [main] com.zaxxer.hikari.HikariDataSource       : HikariPool-1 - Starting...
2024-09-24T08:07:18.913+08:00  INFO 24728 --- [garang-guni-backend] [main] com.zaxxer.hikari.pool.HikariPool        : HikariPool-1 - Added connection org.postgresql.jdbc.PgConnection@55053f81
2024-09-24T08:07:18.916+08:00  INFO 24728 --- [garang-guni-backend] [main] com.zaxxer.hikari.HikariDataSource       : HikariPool-1 - Start completed.
2024-09-24T08:07:18.967+08:00  WARN 24728 --- [garang-guni-backend] [main] org.hibernate.orm.deprecation            : HHH90000025: PostgreSQLDialect does not need to be specified explicitly using 'hibernate.dialect' (remove the property setting and it will be selected by default)
2024-09-24T08:07:20.523+08:00  INFO 24728 --- [garang-guni-backend] [main] o.h.e.t.j.p.i.JtaPlatformInitiator       : HHH000489: No JTA platform available (set 'hibernate.transaction.jta.platform' to enable JTA platform integration)
2024-09-24T08:07:20.579+08:00  INFO 24728 --- [garang-guni-backend] [main] j.LocalContainerEntityManagerFactoryBean : Initialized JPA EntityManagerFactory for persistence unit 'default'
2024-09-24T08:07:21.437+08:00  WARN 24728 --- [garang-guni-backend] [main] JpaBaseConfiguration$JpaWebConfiguration : spring.jpa.open-in-view is enabled by default. Therefore, database queries may be performed during view rendering. Explicitly configure spring.jpa.open-in-view to disable this warning
2024-09-24T08:07:22.541+08:00  INFO 24728 --- [garang-guni-backend] [main] o.s.b.t.m.w.SpringBootMockServletContext : Initializing Spring TestDispatcherServlet ''
2024-09-24T08:07:22.542+08:00  INFO 24728 --- [garang-guni-backend] [main] o.s.t.web.servlet.TestDispatcherServlet  : Initializing Servlet ''
2024-09-24T08:07:22.544+08:00  INFO 24728 --- [garang-guni-backend] [main] o.s.t.web.servlet.TestDispatcherServlet  : Completed initialization in 2 ms
2024-09-24T08:07:22.600+08:00  INFO 24728 --- [garang-guni-backend] [main] s.e.n.g.c.ContactControllerTest          : Started ContactControllerTest in 8.474 seconds (process running for 9.696)
2024-09-24T08:07:23.545+08:00  INFO 24728 --- [garang-guni-backend] [main] .e.n.g.s.i.ContactServiceWithLoggingImpl : Creating contact with details: sg.edu.ntu.garang_guni_backend.entities.Contact@7828bc6b
2024-09-24T08:07:23.635+08:00  INFO 24728 --- [garang-guni-backend] [SpringApplicationShutdownHook] j.LocalContainerEntityManagerFactoryBean : Closing JPA EntityManagerFactory for persistence unit 'default'
2024-09-24T08:07:23.642+08:00  INFO 24728 --- [garang-guni-backend] [SpringApplicationShutdownHook] com.zaxxer.hikari.HikariDataSource       : HikariPool-1 - Shutdown initiated...
2024-09-24T08:07:23.668+08:00  INFO 24728 --- [garang-guni-backend] [SpringApplicationShutdownHook] com.zaxxer.hikari.HikariDataSource       : HikariPool-1 - Shutdown completed.
2024-09-24T08:07:42.730+08:00  INFO 13280 --- [garang-guni-backend] [main] s.e.n.g.c.ContactControllerTest          : Starting ContactControllerTest using Java 17.0.11 with PID 13280 (started by yong4 in C:\Users\yong4\Desktop\NTU\gitfolder\project2\garang-guni-backend)
2024-09-24T08:07:42.732+08:00  INFO 13280 --- [garang-guni-backend] [main] s.e.n.g.c.ContactControllerTest          : The following 1 profile is active: "dev"
2024-09-24T08:07:43.851+08:00  INFO 13280 --- [garang-guni-backend] [main] .s.d.r.c.RepositoryConfigurationDelegate : Bootstrapping Spring Data JPA repositories in DEFAULT mode.
2024-09-24T08:07:43.944+08:00  INFO 13280 --- [garang-guni-backend] [main] .s.d.r.c.RepositoryConfigurationDelegate : Finished Spring Data repository scanning in 80 ms. Found 1 JPA repository interface.
2024-09-24T08:07:44.731+08:00  INFO 13280 --- [garang-guni-backend] [main] o.hibernate.jpa.internal.util.LogHelper  : HHH000204: Processing PersistenceUnitInfo [name: default]
2024-09-24T08:07:44.893+08:00  INFO 13280 --- [garang-guni-backend] [main] org.hibernate.Version                    : HHH000412: Hibernate ORM core version 6.5.2.Final
2024-09-24T08:07:44.975+08:00  INFO 13280 --- [garang-guni-backend] [main] o.h.c.internal.RegionFactoryInitiator    : HHH000026: Second-level cache disabled
2024-09-24T08:07:45.689+08:00  INFO 13280 --- [garang-guni-backend] [main] o.s.o.j.p.SpringPersistenceUnitInfo      : No LoadTimeWeaver setup: ignoring JPA class transformer
2024-09-24T08:07:45.749+08:00  INFO 13280 --- [garang-guni-backend] [main] com.zaxxer.hikari.HikariDataSource       : HikariPool-1 - Starting...
2024-09-24T08:07:46.149+08:00  INFO 13280 --- [garang-guni-backend] [main] com.zaxxer.hikari.pool.HikariPool        : HikariPool-1 - Added connection org.postgresql.jdbc.PgConnection@52cb52bd
2024-09-24T08:07:46.152+08:00  INFO 13280 --- [garang-guni-backend] [main] com.zaxxer.hikari.HikariDataSource       : HikariPool-1 - Start completed.
2024-09-24T08:07:46.207+08:00  WARN 13280 --- [garang-guni-backend] [main] org.hibernate.orm.deprecation            : HHH90000025: PostgreSQLDialect does not need to be specified explicitly using 'hibernate.dialect' (remove the property setting and it will be selected by default)
2024-09-24T08:07:47.715+08:00  INFO 13280 --- [garang-guni-backend] [main] o.h.e.t.j.p.i.JtaPlatformInitiator       : HHH000489: No JTA platform available (set 'hibernate.transaction.jta.platform' to enable JTA platform integration)
2024-09-24T08:07:47.782+08:00  INFO 13280 --- [garang-guni-backend] [main] j.LocalContainerEntityManagerFactoryBean : Initialized JPA EntityManagerFactory for persistence unit 'default'
2024-09-24T08:07:48.650+08:00  WARN 13280 --- [garang-guni-backend] [main] JpaBaseConfiguration$JpaWebConfiguration : spring.jpa.open-in-view is enabled by default. Therefore, database queries may be performed during view rendering. Explicitly configure spring.jpa.open-in-view to disable this warning
2024-09-24T08:07:49.886+08:00  INFO 13280 --- [garang-guni-backend] [main] o.s.b.t.m.w.SpringBootMockServletContext : Initializing Spring TestDispatcherServlet ''
2024-09-24T08:07:49.888+08:00  INFO 13280 --- [garang-guni-backend] [main] o.s.t.web.servlet.TestDispatcherServlet  : Initializing Servlet ''
2024-09-24T08:07:49.891+08:00  INFO 13280 --- [garang-guni-backend] [main] o.s.t.web.servlet.TestDispatcherServlet  : Completed initialization in 2 ms
2024-09-24T08:07:49.966+08:00  INFO 13280 --- [garang-guni-backend] [main] s.e.n.g.c.ContactControllerTest          : Started ContactControllerTest in 7.675 seconds (process running for 8.874)
2024-09-24T08:07:51.058+08:00  INFO 13280 --- [garang-guni-backend] [SpringApplicationShutdownHook] j.LocalContainerEntityManagerFactoryBean : Closing JPA EntityManagerFactory for persistence unit 'default'
2024-09-24T08:07:51.062+08:00  INFO 13280 --- [garang-guni-backend] [SpringApplicationShutdownHook] com.zaxxer.hikari.HikariDataSource       : HikariPool-1 - Shutdown initiated...
2024-09-24T08:07:51.081+08:00  INFO 13280 --- [garang-guni-backend] [SpringApplicationShutdownHook] com.zaxxer.hikari.HikariDataSource       : HikariPool-1 - Shutdown completed.
2024-09-24T08:07:57.627+08:00  INFO 47428 --- [garang-guni-backend] [main] s.e.n.g.c.ContactControllerTest          : Starting ContactControllerTest using Java 17.0.11 with PID 47428 (started by yong4 in C:\Users\yong4\Desktop\NTU\gitfolder\project2\garang-guni-backend)
2024-09-24T08:07:57.629+08:00  INFO 47428 --- [garang-guni-backend] [main] s.e.n.g.c.ContactControllerTest          : The following 1 profile is active: "dev"
2024-09-24T08:07:58.828+08:00  INFO 47428 --- [garang-guni-backend] [main] .s.d.r.c.RepositoryConfigurationDelegate : Bootstrapping Spring Data JPA repositories in DEFAULT mode.
2024-09-24T08:07:58.937+08:00  INFO 47428 --- [garang-guni-backend] [main] .s.d.r.c.RepositoryConfigurationDelegate : Finished Spring Data repository scanning in 90 ms. Found 1 JPA repository interface.
2024-09-24T08:07:59.825+08:00  INFO 47428 --- [garang-guni-backend] [main] o.hibernate.jpa.internal.util.LogHelper  : HHH000204: Processing PersistenceUnitInfo [name: default]
2024-09-24T08:07:59.999+08:00  INFO 47428 --- [garang-guni-backend] [main] org.hibernate.Version                    : HHH000412: Hibernate ORM core version 6.5.2.Final
2024-09-24T08:08:00.121+08:00  INFO 47428 --- [garang-guni-backend] [main] o.h.c.internal.RegionFactoryInitiator    : HHH000026: Second-level cache disabled
2024-09-24T08:08:01.006+08:00  INFO 47428 --- [garang-guni-backend] [main] o.s.o.j.p.SpringPersistenceUnitInfo      : No LoadTimeWeaver setup: ignoring JPA class transformer
2024-09-24T08:08:01.055+08:00  INFO 47428 --- [garang-guni-backend] [main] com.zaxxer.hikari.HikariDataSource       : HikariPool-1 - Starting...
2024-09-24T08:08:01.490+08:00  INFO 47428 --- [garang-guni-backend] [main] com.zaxxer.hikari.pool.HikariPool        : HikariPool-1 - Added connection org.postgresql.jdbc.PgConnection@38a96593
2024-09-24T08:08:01.493+08:00  INFO 47428 --- [garang-guni-backend] [main] com.zaxxer.hikari.HikariDataSource       : HikariPool-1 - Start completed.
2024-09-24T08:08:01.537+08:00  WARN 47428 --- [garang-guni-backend] [main] org.hibernate.orm.deprecation            : HHH90000025: PostgreSQLDialect does not need to be specified explicitly using 'hibernate.dialect' (remove the property setting and it will be selected by default)
2024-09-24T08:08:02.951+08:00  INFO 47428 --- [garang-guni-backend] [main] o.h.e.t.j.p.i.JtaPlatformInitiator       : HHH000489: No JTA platform available (set 'hibernate.transaction.jta.platform' to enable JTA platform integration)
2024-09-24T08:08:03.004+08:00  INFO 47428 --- [garang-guni-backend] [main] j.LocalContainerEntityManagerFactoryBean : Initialized JPA EntityManagerFactory for persistence unit 'default'
2024-09-24T08:08:03.851+08:00  WARN 47428 --- [garang-guni-backend] [main] JpaBaseConfiguration$JpaWebConfiguration : spring.jpa.open-in-view is enabled by default. Therefore, database queries may be performed during view rendering. Explicitly configure spring.jpa.open-in-view to disable this warning
2024-09-24T08:08:05.046+08:00  INFO 47428 --- [garang-guni-backend] [main] o.s.b.t.m.w.SpringBootMockServletContext : Initializing Spring TestDispatcherServlet ''
2024-09-24T08:08:05.048+08:00  INFO 47428 --- [garang-guni-backend] [main] o.s.t.web.servlet.TestDispatcherServlet  : Initializing Servlet ''
2024-09-24T08:08:05.052+08:00  INFO 47428 --- [garang-guni-backend] [main] o.s.t.web.servlet.TestDispatcherServlet  : Completed initialization in 3 ms
2024-09-24T08:08:05.113+08:00  INFO 47428 --- [garang-guni-backend] [main] s.e.n.g.c.ContactControllerTest          : Started ContactControllerTest in 7.9 seconds (process running for 9.037)
2024-09-24T08:08:06.077+08:00  INFO 47428 --- [garang-guni-backend] [main] .e.n.g.s.i.ContactServiceWithLoggingImpl : Creating contact with details: sg.edu.ntu.garang_guni_backend.entities.Contact@2c3f81ef
2024-09-24T08:08:06.123+08:00  INFO 47428 --- [garang-guni-backend] [SpringApplicationShutdownHook] j.LocalContainerEntityManagerFactoryBean : Closing JPA EntityManagerFactory for persistence unit 'default'
2024-09-24T08:08:06.130+08:00  INFO 47428 --- [garang-guni-backend] [SpringApplicationShutdownHook] com.zaxxer.hikari.HikariDataSource       : HikariPool-1 - Shutdown initiated...
2024-09-24T08:08:06.151+08:00  INFO 47428 --- [garang-guni-backend] [SpringApplicationShutdownHook] com.zaxxer.hikari.HikariDataSource       : HikariPool-1 - Shutdown completed.
2024-09-24T08:09:03.229+08:00  INFO 48928 --- [garang-guni-backend] [main] s.e.n.g.c.ContactControllerTest          : Starting ContactControllerTest using Java 17.0.11 with PID 48928 (started by yong4 in C:\Users\yong4\Desktop\NTU\gitfolder\project2\garang-guni-backend)
2024-09-24T08:09:03.232+08:00  INFO 48928 --- [garang-guni-backend] [main] s.e.n.g.c.ContactControllerTest          : The following 1 profile is active: "dev"
2024-09-24T08:09:04.174+08:00  INFO 48928 --- [garang-guni-backend] [main] .s.d.r.c.RepositoryConfigurationDelegate : Bootstrapping Spring Data JPA repositories in DEFAULT mode.
2024-09-24T08:09:04.273+08:00  INFO 48928 --- [garang-guni-backend] [main] .s.d.r.c.RepositoryConfigurationDelegate : Finished Spring Data repository scanning in 83 ms. Found 1 JPA repository interface.
2024-09-24T08:09:04.947+08:00  INFO 48928 --- [garang-guni-backend] [main] o.hibernate.jpa.internal.util.LogHelper  : HHH000204: Processing PersistenceUnitInfo [name: default]
2024-09-24T08:09:05.106+08:00  INFO 48928 --- [garang-guni-backend] [main] org.hibernate.Version                    : HHH000412: Hibernate ORM core version 6.5.2.Final
2024-09-24T08:09:05.204+08:00  INFO 48928 --- [garang-guni-backend] [main] o.h.c.internal.RegionFactoryInitiator    : HHH000026: Second-level cache disabled
2024-09-24T08:09:05.877+08:00  INFO 48928 --- [garang-guni-backend] [main] o.s.o.j.p.SpringPersistenceUnitInfo      : No LoadTimeWeaver setup: ignoring JPA class transformer
2024-09-24T08:09:05.914+08:00  INFO 48928 --- [garang-guni-backend] [main] com.zaxxer.hikari.HikariDataSource       : HikariPool-1 - Starting...
2024-09-24T08:09:06.270+08:00  INFO 48928 --- [garang-guni-backend] [main] com.zaxxer.hikari.pool.HikariPool        : HikariPool-1 - Added connection org.postgresql.jdbc.PgConnection@243c4346
2024-09-24T08:09:06.272+08:00  INFO 48928 --- [garang-guni-backend] [main] com.zaxxer.hikari.HikariDataSource       : HikariPool-1 - Start completed.
2024-09-24T08:09:06.313+08:00  WARN 48928 --- [garang-guni-backend] [main] org.hibernate.orm.deprecation            : HHH90000025: PostgreSQLDialect does not need to be specified explicitly using 'hibernate.dialect' (remove the property setting and it will be selected by default)
2024-09-24T08:09:07.529+08:00  INFO 48928 --- [garang-guni-backend] [main] o.h.e.t.j.p.i.JtaPlatformInitiator       : HHH000489: No JTA platform available (set 'hibernate.transaction.jta.platform' to enable JTA platform integration)
2024-09-24T08:09:07.566+08:00  INFO 48928 --- [garang-guni-backend] [main] j.LocalContainerEntityManagerFactoryBean : Initialized JPA EntityManagerFactory for persistence unit 'default'
2024-09-24T08:09:08.240+08:00  WARN 48928 --- [garang-guni-backend] [main] JpaBaseConfiguration$JpaWebConfiguration : spring.jpa.open-in-view is enabled by default. Therefore, database queries may be performed during view rendering. Explicitly configure spring.jpa.open-in-view to disable this warning
2024-09-24T08:09:09.000+08:00  INFO 48928 --- [garang-guni-backend] [main] o.s.b.t.m.w.SpringBootMockServletContext : Initializing Spring TestDispatcherServlet ''
2024-09-24T08:09:09.001+08:00  INFO 48928 --- [garang-guni-backend] [main] o.s.t.web.servlet.TestDispatcherServlet  : Initializing Servlet ''
2024-09-24T08:09:09.003+08:00  INFO 48928 --- [garang-guni-backend] [main] o.s.t.web.servlet.TestDispatcherServlet  : Completed initialization in 1 ms
2024-09-24T08:09:09.040+08:00  INFO 48928 --- [garang-guni-backend] [main] s.e.n.g.c.ContactControllerTest          : Started ContactControllerTest in 6.137 seconds (process running for 7.055)
2024-09-24T08:09:09.651+08:00  WARN 48928 --- [garang-guni-backend] [main] s.e.n.g.e.GlobalExceptionHandler         : Validation failed: Validation failed for argument [0] in public org.springframework.http.ResponseEntity<sg.edu.ntu.garang_guni_backend.entities.Contact> sg.edu.ntu.garang_guni_backend.controllers.ContactController.createContact(sg.edu.ntu.garang_guni_backend.entities.Contact): [Field error in object 'contact' on field 'phoneNumber': rejected value []; codes [Pattern.contact.phoneNumber,Pattern.phoneNumber,Pattern.java.lang.String,Pattern]; arguments [org.springframework.context.support.DefaultMessageSourceResolvable: codes [contact.phoneNumber,phoneNumber]; arguments []; default message [phoneNumber],[Ljakarta.validation.constraints.Pattern$Flag;@197da701,^\+65(6\d{7}|[89]\d{7})$]; default message [Phone number must be in the format +65 followed by 8 digitsstarting with 6 (landline), 8, or 9 (mobile)]] 
2024-09-24T08:09:09.750+08:00  INFO 48928 --- [garang-guni-backend] [SpringApplicationShutdownHook] j.LocalContainerEntityManagerFactoryBean : Closing JPA EntityManagerFactory for persistence unit 'default'
2024-09-24T08:09:09.754+08:00  INFO 48928 --- [garang-guni-backend] [SpringApplicationShutdownHook] com.zaxxer.hikari.HikariDataSource       : HikariPool-1 - Shutdown initiated...
2024-09-24T08:09:09.770+08:00  INFO 48928 --- [garang-guni-backend] [SpringApplicationShutdownHook] com.zaxxer.hikari.HikariDataSource       : HikariPool-1 - Shutdown completed.
2024-09-24T08:10:42.192+08:00  INFO 45436 --- [garang-guni-backend] [main] s.e.n.g.c.ContactControllerTest          : Starting ContactControllerTest using Java 17.0.11 with PID 45436 (started by yong4 in C:\Users\yong4\Desktop\NTU\gitfolder\project2\garang-guni-backend)
2024-09-24T08:10:42.196+08:00  INFO 45436 --- [garang-guni-backend] [main] s.e.n.g.c.ContactControllerTest          : The following 1 profile is active: "dev"
2024-09-24T08:10:42.877+08:00  INFO 45436 --- [garang-guni-backend] [main] .s.d.r.c.RepositoryConfigurationDelegate : Bootstrapping Spring Data JPA repositories in DEFAULT mode.
2024-09-24T08:10:42.951+08:00  INFO 45436 --- [garang-guni-backend] [main] .s.d.r.c.RepositoryConfigurationDelegate : Finished Spring Data repository scanning in 62 ms. Found 1 JPA repository interface.
2024-09-24T08:10:43.638+08:00  INFO 45436 --- [garang-guni-backend] [main] o.hibernate.jpa.internal.util.LogHelper  : HHH000204: Processing PersistenceUnitInfo [name: default]
2024-09-24T08:10:43.799+08:00  INFO 45436 --- [garang-guni-backend] [main] org.hibernate.Version                    : HHH000412: Hibernate ORM core version 6.5.2.Final
2024-09-24T08:10:43.892+08:00  INFO 45436 --- [garang-guni-backend] [main] o.h.c.internal.RegionFactoryInitiator    : HHH000026: Second-level cache disabled
2024-09-24T08:10:44.398+08:00  INFO 45436 --- [garang-guni-backend] [main] o.s.o.j.p.SpringPersistenceUnitInfo      : No LoadTimeWeaver setup: ignoring JPA class transformer
2024-09-24T08:10:44.426+08:00  INFO 45436 --- [garang-guni-backend] [main] com.zaxxer.hikari.HikariDataSource       : HikariPool-1 - Starting...
2024-09-24T08:10:44.736+08:00  INFO 45436 --- [garang-guni-backend] [main] com.zaxxer.hikari.pool.HikariPool        : HikariPool-1 - Added connection org.postgresql.jdbc.PgConnection@63553e9f
2024-09-24T08:10:44.739+08:00  INFO 45436 --- [garang-guni-backend] [main] com.zaxxer.hikari.HikariDataSource       : HikariPool-1 - Start completed.
2024-09-24T08:10:44.771+08:00  WARN 45436 --- [garang-guni-backend] [main] org.hibernate.orm.deprecation            : HHH90000025: PostgreSQLDialect does not need to be specified explicitly using 'hibernate.dialect' (remove the property setting and it will be selected by default)
2024-09-24T08:10:45.935+08:00  INFO 45436 --- [garang-guni-backend] [main] o.h.e.t.j.p.i.JtaPlatformInitiator       : HHH000489: No JTA platform available (set 'hibernate.transaction.jta.platform' to enable JTA platform integration)
2024-09-24T08:10:45.973+08:00  INFO 45436 --- [garang-guni-backend] [main] j.LocalContainerEntityManagerFactoryBean : Initialized JPA EntityManagerFactory for persistence unit 'default'
2024-09-24T08:10:46.603+08:00  WARN 45436 --- [garang-guni-backend] [main] JpaBaseConfiguration$JpaWebConfiguration : spring.jpa.open-in-view is enabled by default. Therefore, database queries may be performed during view rendering. Explicitly configure spring.jpa.open-in-view to disable this warning
2024-09-24T08:10:47.347+08:00  INFO 45436 --- [garang-guni-backend] [main] o.s.b.t.m.w.SpringBootMockServletContext : Initializing Spring TestDispatcherServlet ''
2024-09-24T08:10:47.348+08:00  INFO 45436 --- [garang-guni-backend] [main] o.s.t.web.servlet.TestDispatcherServlet  : Initializing Servlet ''
2024-09-24T08:10:47.353+08:00  INFO 45436 --- [garang-guni-backend] [main] o.s.t.web.servlet.TestDispatcherServlet  : Completed initialization in 4 ms
2024-09-24T08:10:47.387+08:00  INFO 45436 --- [garang-guni-backend] [main] s.e.n.g.c.ContactControllerTest          : Started ContactControllerTest in 5.552 seconds (process running for 6.434)
2024-09-24T08:10:48.035+08:00  WARN 45436 --- [garang-guni-backend] [main] s.e.n.g.e.GlobalExceptionHandler         : Validation failed: Validation failed for argument [0] in public org.springframework.http.ResponseEntity<sg.edu.ntu.garang_guni_backend.entities.Contact> sg.edu.ntu.garang_guni_backend.controllers.ContactController.createContact(sg.edu.ntu.garang_guni_backend.entities.Contact): [Field error in object 'contact' on field 'phoneNumber': rejected value []; codes [Pattern.contact.phoneNumber,Pattern.phoneNumber,Pattern.java.lang.String,Pattern]; arguments [org.springframework.context.support.DefaultMessageSourceResolvable: codes [contact.phoneNumber,phoneNumber]; arguments []; default message [phoneNumber],[Ljakarta.validation.constraints.Pattern$Flag;@20ee660b,^\+65(6\d{7}|[89]\d{7})$]; default message [Phone number must be in the format +65 followed by 8 digitsstarting with 6 (landline), 8, or 9 (mobile)]] 
2024-09-24T08:10:48.105+08:00  INFO 45436 --- [garang-guni-backend] [SpringApplicationShutdownHook] j.LocalContainerEntityManagerFactoryBean : Closing JPA EntityManagerFactory for persistence unit 'default'
2024-09-24T08:10:48.109+08:00  INFO 45436 --- [garang-guni-backend] [SpringApplicationShutdownHook] com.zaxxer.hikari.HikariDataSource       : HikariPool-1 - Shutdown initiated...
2024-09-24T08:10:48.128+08:00  INFO 45436 --- [garang-guni-backend] [SpringApplicationShutdownHook] com.zaxxer.hikari.HikariDataSource       : HikariPool-1 - Shutdown completed.
2024-09-24T08:11:51.269+08:00  INFO 29660 --- [garang-guni-backend] [main] s.e.n.g.c.ContactControllerTest          : Starting ContactControllerTest using Java 17.0.11 with PID 29660 (started by yong4 in C:\Users\yong4\Desktop\NTU\gitfolder\project2\garang-guni-backend)
2024-09-24T08:11:51.270+08:00  INFO 29660 --- [garang-guni-backend] [main] s.e.n.g.c.ContactControllerTest          : The following 1 profile is active: "dev"
2024-09-24T08:11:51.954+08:00  INFO 29660 --- [garang-guni-backend] [main] .s.d.r.c.RepositoryConfigurationDelegate : Bootstrapping Spring Data JPA repositories in DEFAULT mode.
2024-09-24T08:11:52.042+08:00  INFO 29660 --- [garang-guni-backend] [main] .s.d.r.c.RepositoryConfigurationDelegate : Finished Spring Data repository scanning in 67 ms. Found 1 JPA repository interface.
2024-09-24T08:11:52.696+08:00  INFO 29660 --- [garang-guni-backend] [main] o.hibernate.jpa.internal.util.LogHelper  : HHH000204: Processing PersistenceUnitInfo [name: default]
2024-09-24T08:11:52.855+08:00  INFO 29660 --- [garang-guni-backend] [main] org.hibernate.Version                    : HHH000412: Hibernate ORM core version 6.5.2.Final
2024-09-24T08:11:52.942+08:00  INFO 29660 --- [garang-guni-backend] [main] o.h.c.internal.RegionFactoryInitiator    : HHH000026: Second-level cache disabled
2024-09-24T08:11:53.464+08:00  INFO 29660 --- [garang-guni-backend] [main] o.s.o.j.p.SpringPersistenceUnitInfo      : No LoadTimeWeaver setup: ignoring JPA class transformer
2024-09-24T08:11:53.516+08:00  INFO 29660 --- [garang-guni-backend] [main] com.zaxxer.hikari.HikariDataSource       : HikariPool-1 - Starting...
2024-09-24T08:11:53.838+08:00  INFO 29660 --- [garang-guni-backend] [main] com.zaxxer.hikari.pool.HikariPool        : HikariPool-1 - Added connection org.postgresql.jdbc.PgConnection@a5e8260
2024-09-24T08:11:53.840+08:00  INFO 29660 --- [garang-guni-backend] [main] com.zaxxer.hikari.HikariDataSource       : HikariPool-1 - Start completed.
2024-09-24T08:11:53.870+08:00  WARN 29660 --- [garang-guni-backend] [main] org.hibernate.orm.deprecation            : HHH90000025: PostgreSQLDialect does not need to be specified explicitly using 'hibernate.dialect' (remove the property setting and it will be selected by default)
2024-09-24T08:11:54.837+08:00  INFO 29660 --- [garang-guni-backend] [main] o.h.e.t.j.p.i.JtaPlatformInitiator       : HHH000489: No JTA platform available (set 'hibernate.transaction.jta.platform' to enable JTA platform integration)
2024-09-24T08:11:54.870+08:00  INFO 29660 --- [garang-guni-backend] [main] j.LocalContainerEntityManagerFactoryBean : Initialized JPA EntityManagerFactory for persistence unit 'default'
2024-09-24T08:11:55.618+08:00  WARN 29660 --- [garang-guni-backend] [main] JpaBaseConfiguration$JpaWebConfiguration : spring.jpa.open-in-view is enabled by default. Therefore, database queries may be performed during view rendering. Explicitly configure spring.jpa.open-in-view to disable this warning
2024-09-24T08:11:56.853+08:00  INFO 29660 --- [garang-guni-backend] [main] o.s.b.t.m.w.SpringBootMockServletContext : Initializing Spring TestDispatcherServlet ''
2024-09-24T08:11:56.854+08:00  INFO 29660 --- [garang-guni-backend] [main] o.s.t.web.servlet.TestDispatcherServlet  : Initializing Servlet ''
2024-09-24T08:11:56.857+08:00  INFO 29660 --- [garang-guni-backend] [main] o.s.t.web.servlet.TestDispatcherServlet  : Completed initialization in 2 ms
2024-09-24T08:11:56.930+08:00  INFO 29660 --- [garang-guni-backend] [main] s.e.n.g.c.ContactControllerTest          : Started ContactControllerTest in 5.998 seconds (process running for 6.946)
2024-09-24T08:11:57.825+08:00  WARN 29660 --- [garang-guni-backend] [main] s.e.n.g.e.GlobalExceptionHandler         : Validation failed: Validation failed for argument [0] in public org.springframework.http.ResponseEntity<sg.edu.ntu.garang_guni_backend.entities.Contact> sg.edu.ntu.garang_guni_backend.controllers.ContactController.createContact(sg.edu.ntu.garang_guni_backend.entities.Contact): [Field error in object 'contact' on field 'phoneNumber': rejected value []; codes [Pattern.contact.phoneNumber,Pattern.phoneNumber,Pattern.java.lang.String,Pattern]; arguments [org.springframework.context.support.DefaultMessageSourceResolvable: codes [contact.phoneNumber,phoneNumber]; arguments []; default message [phoneNumber],[Ljakarta.validation.constraints.Pattern$Flag;@1851f19f,^\+65(6\d{7}|[89]\d{7})$]; default message [Phone number must be in the format +65 followed by 8 digitsstarting with 6 (landline), 8, or 9 (mobile)]] 
2024-09-24T08:11:57.868+08:00  INFO 29660 --- [garang-guni-backend] [SpringApplicationShutdownHook] j.LocalContainerEntityManagerFactoryBean : Closing JPA EntityManagerFactory for persistence unit 'default'
2024-09-24T08:11:57.870+08:00  INFO 29660 --- [garang-guni-backend] [SpringApplicationShutdownHook] com.zaxxer.hikari.HikariDataSource       : HikariPool-1 - Shutdown initiated...
2024-09-24T08:11:57.891+08:00  INFO 29660 --- [garang-guni-backend] [SpringApplicationShutdownHook] com.zaxxer.hikari.HikariDataSource       : HikariPool-1 - Shutdown completed.
2024-09-24T08:12:46.626+08:00  INFO 49760 --- [garang-guni-backend] [main] s.e.n.g.c.ContactControllerTest          : Starting ContactControllerTest using Java 17.0.11 with PID 49760 (started by yong4 in C:\Users\yong4\Desktop\NTU\gitfolder\project2\garang-guni-backend)
2024-09-24T08:12:46.627+08:00  INFO 49760 --- [garang-guni-backend] [main] s.e.n.g.c.ContactControllerTest          : The following 1 profile is active: "dev"
2024-09-24T08:12:47.315+08:00  INFO 49760 --- [garang-guni-backend] [main] .s.d.r.c.RepositoryConfigurationDelegate : Bootstrapping Spring Data JPA repositories in DEFAULT mode.
2024-09-24T08:12:47.390+08:00  INFO 49760 --- [garang-guni-backend] [main] .s.d.r.c.RepositoryConfigurationDelegate : Finished Spring Data repository scanning in 63 ms. Found 1 JPA repository interface.
2024-09-24T08:12:48.042+08:00  INFO 49760 --- [garang-guni-backend] [main] o.hibernate.jpa.internal.util.LogHelper  : HHH000204: Processing PersistenceUnitInfo [name: default]
2024-09-24T08:12:48.212+08:00  INFO 49760 --- [garang-guni-backend] [main] org.hibernate.Version                    : HHH000412: Hibernate ORM core version 6.5.2.Final
2024-09-24T08:12:48.304+08:00  INFO 49760 --- [garang-guni-backend] [main] o.h.c.internal.RegionFactoryInitiator    : HHH000026: Second-level cache disabled
2024-09-24T08:12:48.917+08:00  INFO 49760 --- [garang-guni-backend] [main] o.s.o.j.p.SpringPersistenceUnitInfo      : No LoadTimeWeaver setup: ignoring JPA class transformer
2024-09-24T08:12:48.970+08:00  INFO 49760 --- [garang-guni-backend] [main] com.zaxxer.hikari.HikariDataSource       : HikariPool-1 - Starting...
2024-09-24T08:12:49.337+08:00  INFO 49760 --- [garang-guni-backend] [main] com.zaxxer.hikari.pool.HikariPool        : HikariPool-1 - Added connection org.postgresql.jdbc.PgConnection@51132514
2024-09-24T08:12:49.339+08:00  INFO 49760 --- [garang-guni-backend] [main] com.zaxxer.hikari.HikariDataSource       : HikariPool-1 - Start completed.
2024-09-24T08:12:49.378+08:00  WARN 49760 --- [garang-guni-backend] [main] org.hibernate.orm.deprecation            : HHH90000025: PostgreSQLDialect does not need to be specified explicitly using 'hibernate.dialect' (remove the property setting and it will be selected by default)
2024-09-24T08:12:50.306+08:00  INFO 49760 --- [garang-guni-backend] [main] o.h.e.t.j.p.i.JtaPlatformInitiator       : HHH000489: No JTA platform available (set 'hibernate.transaction.jta.platform' to enable JTA platform integration)
2024-09-24T08:12:50.366+08:00  INFO 49760 --- [garang-guni-backend] [main] j.LocalContainerEntityManagerFactoryBean : Initialized JPA EntityManagerFactory for persistence unit 'default'
2024-09-24T08:12:51.038+08:00  WARN 49760 --- [garang-guni-backend] [main] JpaBaseConfiguration$JpaWebConfiguration : spring.jpa.open-in-view is enabled by default. Therefore, database queries may be performed during view rendering. Explicitly configure spring.jpa.open-in-view to disable this warning
2024-09-24T08:12:51.945+08:00  INFO 49760 --- [garang-guni-backend] [main] o.s.b.t.m.w.SpringBootMockServletContext : Initializing Spring TestDispatcherServlet ''
2024-09-24T08:12:51.946+08:00  INFO 49760 --- [garang-guni-backend] [main] o.s.t.web.servlet.TestDispatcherServlet  : Initializing Servlet ''
2024-09-24T08:12:51.948+08:00  INFO 49760 --- [garang-guni-backend] [main] o.s.t.web.servlet.TestDispatcherServlet  : Completed initialization in 2 ms
2024-09-24T08:12:51.999+08:00  INFO 49760 --- [garang-guni-backend] [main] s.e.n.g.c.ContactControllerTest          : Started ContactControllerTest in 5.705 seconds (process running for 6.788)
2024-09-24T08:12:52.567+08:00  INFO 49760 --- [garang-guni-backend] [main] .e.n.g.s.i.ContactServiceWithLoggingImpl : Creating contact with details: sg.edu.ntu.garang_guni_backend.entities.Contact@60cbba57
2024-09-24T08:12:52.648+08:00  INFO 49760 --- [garang-guni-backend] [main] .e.n.g.s.i.ContactServiceWithLoggingImpl : Sanitized message content: 
2024-09-24T08:12:52.708+08:00  INFO 49760 --- [garang-guni-backend] [SpringApplicationShutdownHook] j.LocalContainerEntityManagerFactoryBean : Closing JPA EntityManagerFactory for persistence unit 'default'
2024-09-24T08:12:52.712+08:00  INFO 49760 --- [garang-guni-backend] [SpringApplicationShutdownHook] com.zaxxer.hikari.HikariDataSource       : HikariPool-1 - Shutdown initiated...
2024-09-24T08:12:52.736+08:00  INFO 49760 --- [garang-guni-backend] [SpringApplicationShutdownHook] com.zaxxer.hikari.HikariDataSource       : HikariPool-1 - Shutdown completed.
2024-09-24T08:13:51.446+08:00  INFO 29188 --- [garang-guni-backend] [main] s.e.n.g.c.ContactControllerTest          : Starting ContactControllerTest using Java 17.0.11 with PID 29188 (started by yong4 in C:\Users\yong4\Desktop\NTU\gitfolder\project2\garang-guni-backend)
2024-09-24T08:13:51.447+08:00  INFO 29188 --- [garang-guni-backend] [main] s.e.n.g.c.ContactControllerTest          : The following 1 profile is active: "dev"
2024-09-24T08:13:52.113+08:00  INFO 29188 --- [garang-guni-backend] [main] .s.d.r.c.RepositoryConfigurationDelegate : Bootstrapping Spring Data JPA repositories in DEFAULT mode.
2024-09-24T08:13:52.195+08:00  INFO 29188 --- [garang-guni-backend] [main] .s.d.r.c.RepositoryConfigurationDelegate : Finished Spring Data repository scanning in 66 ms. Found 1 JPA repository interface.
2024-09-24T08:13:52.831+08:00  INFO 29188 --- [garang-guni-backend] [main] o.hibernate.jpa.internal.util.LogHelper  : HHH000204: Processing PersistenceUnitInfo [name: default]
2024-09-24T08:13:53.012+08:00  INFO 29188 --- [garang-guni-backend] [main] org.hibernate.Version                    : HHH000412: Hibernate ORM core version 6.5.2.Final
2024-09-24T08:13:53.091+08:00  INFO 29188 --- [garang-guni-backend] [main] o.h.c.internal.RegionFactoryInitiator    : HHH000026: Second-level cache disabled
2024-09-24T08:13:53.571+08:00  INFO 29188 --- [garang-guni-backend] [main] o.s.o.j.p.SpringPersistenceUnitInfo      : No LoadTimeWeaver setup: ignoring JPA class transformer
2024-09-24T08:13:53.606+08:00  INFO 29188 --- [garang-guni-backend] [main] com.zaxxer.hikari.HikariDataSource       : HikariPool-1 - Starting...
2024-09-24T08:13:53.902+08:00  INFO 29188 --- [garang-guni-backend] [main] com.zaxxer.hikari.pool.HikariPool        : HikariPool-1 - Added connection org.postgresql.jdbc.PgConnection@59a2d756
2024-09-24T08:13:53.903+08:00  INFO 29188 --- [garang-guni-backend] [main] com.zaxxer.hikari.HikariDataSource       : HikariPool-1 - Start completed.
2024-09-24T08:13:53.941+08:00  WARN 29188 --- [garang-guni-backend] [main] org.hibernate.orm.deprecation            : HHH90000025: PostgreSQLDialect does not need to be specified explicitly using 'hibernate.dialect' (remove the property setting and it will be selected by default)
2024-09-24T08:13:54.900+08:00  INFO 29188 --- [garang-guni-backend] [main] o.h.e.t.j.p.i.JtaPlatformInitiator       : HHH000489: No JTA platform available (set 'hibernate.transaction.jta.platform' to enable JTA platform integration)
2024-09-24T08:13:54.952+08:00  INFO 29188 --- [garang-guni-backend] [main] j.LocalContainerEntityManagerFactoryBean : Initialized JPA EntityManagerFactory for persistence unit 'default'
2024-09-24T08:13:55.645+08:00  WARN 29188 --- [garang-guni-backend] [main] JpaBaseConfiguration$JpaWebConfiguration : spring.jpa.open-in-view is enabled by default. Therefore, database queries may be performed during view rendering. Explicitly configure spring.jpa.open-in-view to disable this warning
2024-09-24T08:13:56.583+08:00  INFO 29188 --- [garang-guni-backend] [main] o.s.b.t.m.w.SpringBootMockServletContext : Initializing Spring TestDispatcherServlet ''
2024-09-24T08:13:56.584+08:00  INFO 29188 --- [garang-guni-backend] [main] o.s.t.web.servlet.TestDispatcherServlet  : Initializing Servlet ''
2024-09-24T08:13:56.587+08:00  INFO 29188 --- [garang-guni-backend] [main] o.s.t.web.servlet.TestDispatcherServlet  : Completed initialization in 3 ms
2024-09-24T08:13:56.630+08:00  INFO 29188 --- [garang-guni-backend] [main] s.e.n.g.c.ContactControllerTest          : Started ContactControllerTest in 5.51 seconds (process running for 6.434)
2024-09-24T08:13:57.343+08:00  INFO 29188 --- [garang-guni-backend] [main] .e.n.g.s.i.ContactServiceWithLoggingImpl : Creating contact with details: sg.edu.ntu.garang_guni_backend.entities.Contact@726d0482
2024-09-24T08:13:57.389+08:00  INFO 29188 --- [garang-guni-backend] [main] .e.n.g.s.i.ContactServiceWithLoggingImpl : Sanitized message content: 
2024-09-24T08:13:57.452+08:00  INFO 29188 --- [garang-guni-backend] [SpringApplicationShutdownHook] j.LocalContainerEntityManagerFactoryBean : Closing JPA EntityManagerFactory for persistence unit 'default'
2024-09-24T08:13:57.455+08:00  INFO 29188 --- [garang-guni-backend] [SpringApplicationShutdownHook] com.zaxxer.hikari.HikariDataSource       : HikariPool-1 - Shutdown initiated...
2024-09-24T08:13:57.474+08:00  INFO 29188 --- [garang-guni-backend] [SpringApplicationShutdownHook] com.zaxxer.hikari.HikariDataSource       : HikariPool-1 - Shutdown completed.
2024-09-24T08:14:44.354+08:00  INFO 32720 --- [garang-guni-backend] [main] s.e.n.g.c.ContactControllerTest          : Starting ContactControllerTest using Java 17.0.11 with PID 32720 (started by yong4 in C:\Users\yong4\Desktop\NTU\gitfolder\project2\garang-guni-backend)
2024-09-24T08:14:44.358+08:00  INFO 32720 --- [garang-guni-backend] [main] s.e.n.g.c.ContactControllerTest          : The following 1 profile is active: "dev"
2024-09-24T08:14:45.022+08:00  INFO 32720 --- [garang-guni-backend] [main] .s.d.r.c.RepositoryConfigurationDelegate : Bootstrapping Spring Data JPA repositories in DEFAULT mode.
2024-09-24T08:14:45.093+08:00  INFO 32720 --- [garang-guni-backend] [main] .s.d.r.c.RepositoryConfigurationDelegate : Finished Spring Data repository scanning in 60 ms. Found 1 JPA repository interface.
2024-09-24T08:14:45.699+08:00  INFO 32720 --- [garang-guni-backend] [main] o.hibernate.jpa.internal.util.LogHelper  : HHH000204: Processing PersistenceUnitInfo [name: default]
2024-09-24T08:14:45.854+08:00  INFO 32720 --- [garang-guni-backend] [main] org.hibernate.Version                    : HHH000412: Hibernate ORM core version 6.5.2.Final
2024-09-24T08:14:45.918+08:00  INFO 32720 --- [garang-guni-backend] [main] o.h.c.internal.RegionFactoryInitiator    : HHH000026: Second-level cache disabled
2024-09-24T08:14:46.472+08:00  INFO 32720 --- [garang-guni-backend] [main] o.s.o.j.p.SpringPersistenceUnitInfo      : No LoadTimeWeaver setup: ignoring JPA class transformer
2024-09-24T08:14:46.509+08:00  INFO 32720 --- [garang-guni-backend] [main] com.zaxxer.hikari.HikariDataSource       : HikariPool-1 - Starting...
2024-09-24T08:14:46.835+08:00  INFO 32720 --- [garang-guni-backend] [main] com.zaxxer.hikari.pool.HikariPool        : HikariPool-1 - Added connection org.postgresql.jdbc.PgConnection@5a0f87e5
2024-09-24T08:14:46.837+08:00  INFO 32720 --- [garang-guni-backend] [main] com.zaxxer.hikari.HikariDataSource       : HikariPool-1 - Start completed.
2024-09-24T08:14:46.869+08:00  WARN 32720 --- [garang-guni-backend] [main] org.hibernate.orm.deprecation            : HHH90000025: PostgreSQLDialect does not need to be specified explicitly using 'hibernate.dialect' (remove the property setting and it will be selected by default)
2024-09-24T08:14:47.842+08:00  INFO 32720 --- [garang-guni-backend] [main] o.h.e.t.j.p.i.JtaPlatformInitiator       : HHH000489: No JTA platform available (set 'hibernate.transaction.jta.platform' to enable JTA platform integration)
2024-09-24T08:14:47.873+08:00  INFO 32720 --- [garang-guni-backend] [main] j.LocalContainerEntityManagerFactoryBean : Initialized JPA EntityManagerFactory for persistence unit 'default'
2024-09-24T08:14:48.590+08:00  WARN 32720 --- [garang-guni-backend] [main] JpaBaseConfiguration$JpaWebConfiguration : spring.jpa.open-in-view is enabled by default. Therefore, database queries may be performed during view rendering. Explicitly configure spring.jpa.open-in-view to disable this warning
2024-09-24T08:14:49.830+08:00  INFO 32720 --- [garang-guni-backend] [main] o.s.b.t.m.w.SpringBootMockServletContext : Initializing Spring TestDispatcherServlet ''
2024-09-24T08:14:49.831+08:00  INFO 32720 --- [garang-guni-backend] [main] o.s.t.web.servlet.TestDispatcherServlet  : Initializing Servlet ''
2024-09-24T08:14:49.833+08:00  INFO 32720 --- [garang-guni-backend] [main] o.s.t.web.servlet.TestDispatcherServlet  : Completed initialization in 1 ms
2024-09-24T08:14:49.890+08:00  INFO 32720 --- [garang-guni-backend] [main] s.e.n.g.c.ContactControllerTest          : Started ContactControllerTest in 5.864 seconds (process running for 6.816)
2024-09-24T08:14:50.817+08:00  INFO 32720 --- [garang-guni-backend] [main] .e.n.g.s.i.ContactServiceWithLoggingImpl : Creating contact with details: sg.edu.ntu.garang_guni_backend.entities.Contact@21f27bb5
2024-09-24T08:14:50.909+08:00  INFO 32720 --- [garang-guni-backend] [main] .e.n.g.s.i.ContactServiceWithLoggingImpl : Sanitized message content: 
2024-09-24T08:14:50.956+08:00  INFO 32720 --- [garang-guni-backend] [SpringApplicationShutdownHook] j.LocalContainerEntityManagerFactoryBean : Closing JPA EntityManagerFactory for persistence unit 'default'
2024-09-24T08:14:50.961+08:00  INFO 32720 --- [garang-guni-backend] [SpringApplicationShutdownHook] com.zaxxer.hikari.HikariDataSource       : HikariPool-1 - Shutdown initiated...
2024-09-24T08:14:50.989+08:00  INFO 32720 --- [garang-guni-backend] [SpringApplicationShutdownHook] com.zaxxer.hikari.HikariDataSource       : HikariPool-1 - Shutdown completed.
2024-09-24T08:23:24.224+08:00  INFO 248 --- [garang-guni-backend] [File Watcher] rtingClassPathChangeChangedEventListener : Restarting due to 1 class path change (0 additions, 0 deletions, 1 modification)
2024-09-24T08:23:24.247+08:00  INFO 248 --- [garang-guni-backend] [Thread-5] j.LocalContainerEntityManagerFactoryBean : Closing JPA EntityManagerFactory for persistence unit 'default'
2024-09-24T08:23:24.255+08:00  INFO 248 --- [garang-guni-backend] [Thread-5] com.zaxxer.hikari.HikariDataSource       : HikariPool-1 - Shutdown initiated...
2024-09-24T08:23:24.269+08:00  INFO 248 --- [garang-guni-backend] [Thread-5] com.zaxxer.hikari.HikariDataSource       : HikariPool-1 - Shutdown completed.
2024-09-24T08:23:24.419+08:00  INFO 248 --- [garang-guni-backend] [restartedMain] s.e.n.g.GarangGuniBackendApplication     : Starting GarangGuniBackendApplication using Java 22.0.1 with PID 248 (C:\Users\yong4\Desktop\NTU\gitfolder\project2\garang-guni-backend\target\classes started by yong4 in C:\Users\yong4\Desktop\NTU\gitfolder\project2\garang-guni-backend)
2024-09-24T08:23:24.420+08:00  INFO 248 --- [garang-guni-backend] [restartedMain] s.e.n.g.GarangGuniBackendApplication     : The following 1 profile is active: "dev"
2024-09-24T08:23:24.535+08:00  INFO 248 --- [garang-guni-backend] [restartedMain] .s.d.r.c.RepositoryConfigurationDelegate : Bootstrapping Spring Data JPA repositories in DEFAULT mode.
2024-09-24T08:23:24.548+08:00  INFO 248 --- [garang-guni-backend] [restartedMain] .s.d.r.c.RepositoryConfigurationDelegate : Finished Spring Data repository scanning in 11 ms. Found 1 JPA repository interface.
2024-09-24T08:23:24.694+08:00  INFO 248 --- [garang-guni-backend] [restartedMain] o.s.b.w.embedded.tomcat.TomcatWebServer  : Tomcat initialized with port 8080 (http)
2024-09-24T08:23:24.698+08:00  INFO 248 --- [garang-guni-backend] [restartedMain] o.apache.catalina.core.StandardService   : Starting service [Tomcat]
2024-09-24T08:23:24.699+08:00  INFO 248 --- [garang-guni-backend] [restartedMain] o.apache.catalina.core.StandardEngine    : Starting Servlet engine: [Apache Tomcat/10.1.28]
2024-09-24T08:23:24.717+08:00  INFO 248 --- [garang-guni-backend] [restartedMain] o.a.c.c.C.[Tomcat].[localhost].[/]       : Initializing Spring embedded WebApplicationContext
2024-09-24T08:23:24.719+08:00  INFO 248 --- [garang-guni-backend] [restartedMain] w.s.c.ServletWebServerApplicationContext : Root WebApplicationContext: initialization completed in 297 ms
2024-09-24T08:23:24.763+08:00  INFO 248 --- [garang-guni-backend] [restartedMain] o.hibernate.jpa.internal.util.LogHelper  : HHH000204: Processing PersistenceUnitInfo [name: default]
2024-09-24T08:23:24.766+08:00  INFO 248 --- [garang-guni-backend] [restartedMain] o.h.c.internal.RegionFactoryInitiator    : HHH000026: Second-level cache disabled
2024-09-24T08:23:24.773+08:00  INFO 248 --- [garang-guni-backend] [restartedMain] o.s.o.j.p.SpringPersistenceUnitInfo      : No LoadTimeWeaver setup: ignoring JPA class transformer
2024-09-24T08:23:24.775+08:00  INFO 248 --- [garang-guni-backend] [restartedMain] com.zaxxer.hikari.HikariDataSource       : HikariPool-2 - Starting...
2024-09-24T08:23:24.851+08:00  INFO 248 --- [garang-guni-backend] [restartedMain] com.zaxxer.hikari.pool.HikariPool        : HikariPool-2 - Added connection org.postgresql.jdbc.PgConnection@7b062cab
2024-09-24T08:23:24.852+08:00  INFO 248 --- [garang-guni-backend] [restartedMain] com.zaxxer.hikari.HikariDataSource       : HikariPool-2 - Start completed.
2024-09-24T08:23:24.863+08:00  WARN 248 --- [garang-guni-backend] [restartedMain] org.hibernate.orm.deprecation            : HHH90000025: PostgreSQLDialect does not need to be specified explicitly using 'hibernate.dialect' (remove the property setting and it will be selected by default)
2024-09-24T08:23:24.938+08:00  INFO 248 --- [garang-guni-backend] [restartedMain] o.h.e.t.j.p.i.JtaPlatformInitiator       : HHH000489: No JTA platform available (set 'hibernate.transaction.jta.platform' to enable JTA platform integration)
2024-09-24T08:23:24.965+08:00  INFO 248 --- [garang-guni-backend] [restartedMain] j.LocalContainerEntityManagerFactoryBean : Initialized JPA EntityManagerFactory for persistence unit 'default'
2024-09-24T08:23:25.042+08:00  WARN 248 --- [garang-guni-backend] [restartedMain] JpaBaseConfiguration$JpaWebConfiguration : spring.jpa.open-in-view is enabled by default. Therefore, database queries may be performed during view rendering. Explicitly configure spring.jpa.open-in-view to disable this warning
2024-09-24T08:23:25.120+08:00  INFO 248 --- [garang-guni-backend] [restartedMain] o.s.b.d.a.OptionalLiveReloadServer       : LiveReload server is running on port 35729
2024-09-24T08:23:25.126+08:00  INFO 248 --- [garang-guni-backend] [restartedMain] o.s.b.w.embedded.tomcat.TomcatWebServer  : Tomcat started on port 8080 (http) with context path '/'
2024-09-24T08:23:25.128+08:00  INFO 248 --- [garang-guni-backend] [restartedMain] s.e.n.g.GarangGuniBackendApplication     : Started GarangGuniBackendApplication in 0.754 seconds (process running for 1446.172)
2024-09-24T08:23:25.130+08:00  INFO 248 --- [garang-guni-backend] [restartedMain] .ConditionEvaluationDeltaLoggingListener : Condition evaluation unchanged
2024-09-24T08:23:37.783+08:00  INFO 248 --- [garang-guni-backend] [File Watcher] rtingClassPathChangeChangedEventListener : Restarting due to 1 class path change (0 additions, 0 deletions, 1 modification)
2024-09-24T08:23:37.789+08:00  INFO 248 --- [garang-guni-backend] [Thread-7] j.LocalContainerEntityManagerFactoryBean : Closing JPA EntityManagerFactory for persistence unit 'default'
2024-09-24T08:23:37.791+08:00  INFO 248 --- [garang-guni-backend] [Thread-7] com.zaxxer.hikari.HikariDataSource       : HikariPool-2 - Shutdown initiated...
2024-09-24T08:23:37.801+08:00  INFO 248 --- [garang-guni-backend] [Thread-7] com.zaxxer.hikari.HikariDataSource       : HikariPool-2 - Shutdown completed.
2024-09-24T08:23:37.872+08:00  INFO 248 --- [garang-guni-backend] [restartedMain] s.e.n.g.GarangGuniBackendApplication     : Starting GarangGuniBackendApplication using Java 22.0.1 with PID 248 (C:\Users\yong4\Desktop\NTU\gitfolder\project2\garang-guni-backend\target\classes started by yong4 in C:\Users\yong4\Desktop\NTU\gitfolder\project2\garang-guni-backend)
2024-09-24T08:23:37.872+08:00  INFO 248 --- [garang-guni-backend] [restartedMain] s.e.n.g.GarangGuniBackendApplication     : The following 1 profile is active: "dev"
2024-09-24T08:23:37.957+08:00  INFO 248 --- [garang-guni-backend] [restartedMain] .s.d.r.c.RepositoryConfigurationDelegate : Bootstrapping Spring Data JPA repositories in DEFAULT mode.
2024-09-24T08:23:37.963+08:00  INFO 248 --- [garang-guni-backend] [restartedMain] .s.d.r.c.RepositoryConfigurationDelegate : Finished Spring Data repository scanning in 5 ms. Found 1 JPA repository interface.
2024-09-24T08:23:38.018+08:00  INFO 248 --- [garang-guni-backend] [restartedMain] o.s.b.w.embedded.tomcat.TomcatWebServer  : Tomcat initialized with port 8080 (http)
2024-09-24T08:23:38.019+08:00  INFO 248 --- [garang-guni-backend] [restartedMain] o.apache.catalina.core.StandardService   : Starting service [Tomcat]
2024-09-24T08:23:38.019+08:00  INFO 248 --- [garang-guni-backend] [restartedMain] o.apache.catalina.core.StandardEngine    : Starting Servlet engine: [Apache Tomcat/10.1.28]
2024-09-24T08:23:38.041+08:00  INFO 248 --- [garang-guni-backend] [restartedMain] o.a.c.c.C.[Tomcat].[localhost].[/]       : Initializing Spring embedded WebApplicationContext
2024-09-24T08:23:38.042+08:00  INFO 248 --- [garang-guni-backend] [restartedMain] w.s.c.ServletWebServerApplicationContext : Root WebApplicationContext: initialization completed in 169 ms
2024-09-24T08:23:38.069+08:00  INFO 248 --- [garang-guni-backend] [restartedMain] o.hibernate.jpa.internal.util.LogHelper  : HHH000204: Processing PersistenceUnitInfo [name: default]
2024-09-24T08:23:38.071+08:00  INFO 248 --- [garang-guni-backend] [restartedMain] o.h.c.internal.RegionFactoryInitiator    : HHH000026: Second-level cache disabled
2024-09-24T08:23:38.079+08:00  INFO 248 --- [garang-guni-backend] [restartedMain] o.s.o.j.p.SpringPersistenceUnitInfo      : No LoadTimeWeaver setup: ignoring JPA class transformer
2024-09-24T08:23:38.081+08:00  INFO 248 --- [garang-guni-backend] [restartedMain] com.zaxxer.hikari.HikariDataSource       : HikariPool-3 - Starting...
2024-09-24T08:23:38.148+08:00  INFO 248 --- [garang-guni-backend] [restartedMain] com.zaxxer.hikari.pool.HikariPool        : HikariPool-3 - Added connection org.postgresql.jdbc.PgConnection@16b7d459
2024-09-24T08:23:38.149+08:00  INFO 248 --- [garang-guni-backend] [restartedMain] com.zaxxer.hikari.HikariDataSource       : HikariPool-3 - Start completed.
2024-09-24T08:23:38.156+08:00  WARN 248 --- [garang-guni-backend] [restartedMain] org.hibernate.orm.deprecation            : HHH90000025: PostgreSQLDialect does not need to be specified explicitly using 'hibernate.dialect' (remove the property setting and it will be selected by default)
2024-09-24T08:23:38.187+08:00  INFO 248 --- [garang-guni-backend] [restartedMain] o.h.e.t.j.p.i.JtaPlatformInitiator       : HHH000489: No JTA platform available (set 'hibernate.transaction.jta.platform' to enable JTA platform integration)
2024-09-24T08:23:38.199+08:00  INFO 248 --- [garang-guni-backend] [restartedMain] j.LocalContainerEntityManagerFactoryBean : Initialized JPA EntityManagerFactory for persistence unit 'default'
2024-09-24T08:23:38.238+08:00  WARN 248 --- [garang-guni-backend] [restartedMain] JpaBaseConfiguration$JpaWebConfiguration : spring.jpa.open-in-view is enabled by default. Therefore, database queries may be performed during view rendering. Explicitly configure spring.jpa.open-in-view to disable this warning
2024-09-24T08:23:38.298+08:00  INFO 248 --- [garang-guni-backend] [restartedMain] o.s.b.d.a.OptionalLiveReloadServer       : LiveReload server is running on port 35729
2024-09-24T08:23:38.305+08:00  INFO 248 --- [garang-guni-backend] [restartedMain] o.s.b.w.embedded.tomcat.TomcatWebServer  : Tomcat started on port 8080 (http) with context path '/'
2024-09-24T08:23:38.308+08:00  INFO 248 --- [garang-guni-backend] [restartedMain] s.e.n.g.GarangGuniBackendApplication     : Started GarangGuniBackendApplication in 0.454 seconds (process running for 1459.351)
2024-09-24T08:23:38.309+08:00  INFO 248 --- [garang-guni-backend] [restartedMain] .ConditionEvaluationDeltaLoggingListener : Condition evaluation unchanged
2024-09-24T08:24:16.399+08:00  INFO 248 --- [garang-guni-backend] [File Watcher] rtingClassPathChangeChangedEventListener : Restarting due to 1 class path change (0 additions, 0 deletions, 1 modification)
2024-09-24T08:24:16.408+08:00  INFO 248 --- [garang-guni-backend] [Thread-11] j.LocalContainerEntityManagerFactoryBean : Closing JPA EntityManagerFactory for persistence unit 'default'
2024-09-24T08:24:16.409+08:00  INFO 248 --- [garang-guni-backend] [Thread-11] com.zaxxer.hikari.HikariDataSource       : HikariPool-3 - Shutdown initiated...
2024-09-24T08:24:16.418+08:00  INFO 248 --- [garang-guni-backend] [Thread-11] com.zaxxer.hikari.HikariDataSource       : HikariPool-3 - Shutdown completed.
2024-09-24T08:24:16.489+08:00  INFO 248 --- [garang-guni-backend] [restartedMain] s.e.n.g.GarangGuniBackendApplication     : Starting GarangGuniBackendApplication using Java 22.0.1 with PID 248 (C:\Users\yong4\Desktop\NTU\gitfolder\project2\garang-guni-backend\target\classes started by yong4 in C:\Users\yong4\Desktop\NTU\gitfolder\project2\garang-guni-backend)
2024-09-24T08:24:16.489+08:00  INFO 248 --- [garang-guni-backend] [restartedMain] s.e.n.g.GarangGuniBackendApplication     : The following 1 profile is active: "dev"
2024-09-24T08:24:16.586+08:00  INFO 248 --- [garang-guni-backend] [restartedMain] .s.d.r.c.RepositoryConfigurationDelegate : Bootstrapping Spring Data JPA repositories in DEFAULT mode.
2024-09-24T08:24:16.592+08:00  INFO 248 --- [garang-guni-backend] [restartedMain] .s.d.r.c.RepositoryConfigurationDelegate : Finished Spring Data repository scanning in 5 ms. Found 1 JPA repository interface.
2024-09-24T08:24:16.654+08:00  INFO 248 --- [garang-guni-backend] [restartedMain] o.s.b.w.embedded.tomcat.TomcatWebServer  : Tomcat initialized with port 8080 (http)
2024-09-24T08:24:16.655+08:00  INFO 248 --- [garang-guni-backend] [restartedMain] o.apache.catalina.core.StandardService   : Starting service [Tomcat]
2024-09-24T08:24:16.656+08:00  INFO 248 --- [garang-guni-backend] [restartedMain] o.apache.catalina.core.StandardEngine    : Starting Servlet engine: [Apache Tomcat/10.1.28]
2024-09-24T08:24:16.671+08:00  INFO 248 --- [garang-guni-backend] [restartedMain] o.a.c.c.C.[Tomcat].[localhost].[/]       : Initializing Spring embedded WebApplicationContext
2024-09-24T08:24:16.672+08:00  INFO 248 --- [garang-guni-backend] [restartedMain] w.s.c.ServletWebServerApplicationContext : Root WebApplicationContext: initialization completed in 181 ms
2024-09-24T08:24:16.694+08:00  INFO 248 --- [garang-guni-backend] [restartedMain] o.hibernate.jpa.internal.util.LogHelper  : HHH000204: Processing PersistenceUnitInfo [name: default]
2024-09-24T08:24:16.697+08:00  INFO 248 --- [garang-guni-backend] [restartedMain] o.h.c.internal.RegionFactoryInitiator    : HHH000026: Second-level cache disabled
2024-09-24T08:24:16.702+08:00  INFO 248 --- [garang-guni-backend] [restartedMain] o.s.o.j.p.SpringPersistenceUnitInfo      : No LoadTimeWeaver setup: ignoring JPA class transformer
2024-09-24T08:24:16.702+08:00  INFO 248 --- [garang-guni-backend] [restartedMain] com.zaxxer.hikari.HikariDataSource       : HikariPool-4 - Starting...
2024-09-24T08:24:16.774+08:00  INFO 248 --- [garang-guni-backend] [restartedMain] com.zaxxer.hikari.pool.HikariPool        : HikariPool-4 - Added connection org.postgresql.jdbc.PgConnection@396c0ca7
2024-09-24T08:24:16.774+08:00  INFO 248 --- [garang-guni-backend] [restartedMain] com.zaxxer.hikari.HikariDataSource       : HikariPool-4 - Start completed.
2024-09-24T08:24:16.781+08:00  WARN 248 --- [garang-guni-backend] [restartedMain] org.hibernate.orm.deprecation            : HHH90000025: PostgreSQLDialect does not need to be specified explicitly using 'hibernate.dialect' (remove the property setting and it will be selected by default)
2024-09-24T08:24:16.812+08:00  INFO 248 --- [garang-guni-backend] [restartedMain] o.h.e.t.j.p.i.JtaPlatformInitiator       : HHH000489: No JTA platform available (set 'hibernate.transaction.jta.platform' to enable JTA platform integration)
2024-09-24T08:24:16.821+08:00  INFO 248 --- [garang-guni-backend] [restartedMain] j.LocalContainerEntityManagerFactoryBean : Initialized JPA EntityManagerFactory for persistence unit 'default'
2024-09-24T08:24:16.855+08:00  WARN 248 --- [garang-guni-backend] [restartedMain] JpaBaseConfiguration$JpaWebConfiguration : spring.jpa.open-in-view is enabled by default. Therefore, database queries may be performed during view rendering. Explicitly configure spring.jpa.open-in-view to disable this warning
2024-09-24T08:24:16.900+08:00  INFO 248 --- [garang-guni-backend] [restartedMain] o.s.b.d.a.OptionalLiveReloadServer       : LiveReload server is running on port 35729
2024-09-24T08:24:16.905+08:00  INFO 248 --- [garang-guni-backend] [restartedMain] o.s.b.w.embedded.tomcat.TomcatWebServer  : Tomcat started on port 8080 (http) with context path '/'
2024-09-24T08:24:16.908+08:00  INFO 248 --- [garang-guni-backend] [restartedMain] s.e.n.g.GarangGuniBackendApplication     : Started GarangGuniBackendApplication in 0.44 seconds (process running for 1497.951)
2024-09-24T08:24:16.908+08:00  INFO 248 --- [garang-guni-backend] [restartedMain] .ConditionEvaluationDeltaLoggingListener : Condition evaluation unchanged
2024-09-24T08:24:28.227+08:00  INFO 248 --- [garang-guni-backend] [SpringApplicationShutdownHook] j.LocalContainerEntityManagerFactoryBean : Closing JPA EntityManagerFactory for persistence unit 'default'
2024-09-24T08:24:28.228+08:00  INFO 248 --- [garang-guni-backend] [SpringApplicationShutdownHook] com.zaxxer.hikari.HikariDataSource       : HikariPool-4 - Shutdown initiated...
2024-09-24T08:24:28.241+08:00  INFO 248 --- [garang-guni-backend] [SpringApplicationShutdownHook] com.zaxxer.hikari.HikariDataSource       : HikariPool-4 - Shutdown completed.
